build/app/intermediates/manifest_merge_blame_file/release/manifest-merger-blame-release-report.txt
1<?xml version="1.0" encoding="utf-8"?>
2<manifest xmlns:android="http://schemas.android.com/apk/res/android"
3    package="com.seoyoneh.equipment.seoyoneh_equipment"
4    android:versionCode="11"
5    android:versionName="1.2.2" >
6
7    <uses-sdk
8        android:minSdkVersion="21"
8-->src\main\AndroidManifest.xml
9        android:targetSdkVersion="33" />
9-->src\main\AndroidManifest.xml
10
11    <uses-permission android:name="android.permission.INTERNET" />
11-->src\main\AndroidManifest.xml:3:5-83
11-->src\main\AndroidManifest.xml:3:22-64
12    <uses-permission android:name="android.permission.ACCESS_NETWORK_STATE" />
12-->src\main\AndroidManifest.xml:4:5-95
12-->src\main\AndroidManifest.xml:4:22-76
13    <uses-permission android:name="android.permission.ACCESS_WIFI_STATE" />
13-->src\main\AndroidManifest.xml:5:5-92
13-->src\main\AndroidManifest.xml:5:22-73
14    <uses-permission android:name="android.permission.MANAGE_EXTERNAL_STORAGE" />
14-->src\main\AndroidManifest.xml:6:5-81
14-->src\main\AndroidManifest.xml:6:22-79
15    <uses-permission android:name="android.permission.CAMERA" />
15-->[:flutter_barcode_scanner] AndroidManifest.xml:9:5-65
15-->[:flutter_barcode_scanner] AndroidManifest.xml:9:22-62
16
17    <uses-feature android:name="android.hardware.camera" />
17-->[:flutter_barcode_scanner] AndroidManifest.xml:11:5-60
17-->[:flutter_barcode_scanner] AndroidManifest.xml:11:19-57
18
19    <uses-permission android:name="android.permission.FLASHLIGHT" />
19-->[:flutter_barcode_scanner] AndroidManifest.xml:13:5-69
19-->[:flutter_barcode_scanner] AndroidManifest.xml:13:22-66
20    <uses-permission android:name="android.permission.REQUEST_INSTALL_PACKAGES" />
20-->[:install_plugin] AndroidManifest.xml:9:5-83
20-->[:install_plugin] AndroidManifest.xml:9:22-80
21    <uses-permission
21-->[:open_filex] AndroidManifest.xml:10:5-12:38
22        android:name="android.permission.READ_EXTERNAL_STORAGE"
22-->[:open_filex] AndroidManifest.xml:11:9-64
23        android:maxSdkVersion="32" />
23-->[:open_filex] AndroidManifest.xml:12:9-35
24    <uses-permission android:name="android.permission.READ_MEDIA_IMAGES" />
24-->[:open_filex] AndroidManifest.xml:13:5-76
24-->[:open_filex] AndroidManifest.xml:13:22-73
25    <uses-permission android:name="android.permission.READ_MEDIA_VIDEO" />
25-->[:open_filex] AndroidManifest.xml:14:5-75
25-->[:open_filex] AndroidManifest.xml:14:22-72
26    <uses-permission android:name="android.permission.READ_MEDIA_AUDIO" />
26-->[:open_filex] AndroidManifest.xml:15:5-75
26-->[:open_filex] AndroidManifest.xml:15:22-72
27
28    <permission
28-->[androidx.core:core:1.10.1] AndroidManifest.xml:22:5-24:47
29        android:name="com.seoyoneh.equipment.seoyoneh_equipment.DYNAMIC_RECEIVER_NOT_EXPORTED_PERMISSION"
29-->[androidx.core:core:1.10.1] AndroidManifest.xml:23:9-81
30        android:protectionLevel="signature" />
30-->[androidx.core:core:1.10.1] AndroidManifest.xml:24:9-44
31
32    <uses-permission android:name="com.seoyoneh.equipment.seoyoneh_equipment.DYNAMIC_RECEIVER_NOT_EXPORTED_PERMISSION" />
32-->[androidx.core:core:1.10.1] AndroidManifest.xml:26:5-97
32-->[androidx.core:core:1.10.1] AndroidManifest.xml:26:22-94
33
34    <uses-feature
34-->[com.journeyapps:zxing-android-embedded:4.3.0] AndroidManifest.xml:28:5-30:36
35        android:name="android.hardware.camera.front"
35-->[com.journeyapps:zxing-android-embedded:4.3.0] AndroidManifest.xml:29:9-53
36        android:required="false" /> <!-- TODO replace above two with next line after Android 4.2 -->
36-->[com.journeyapps:zxing-android-embedded:4.3.0] AndroidManifest.xml:30:9-33
37    <!-- <uses-feature android:name="android.hardware.camera.any"/> -->
38    <uses-feature
38-->[com.journeyapps:zxing-android-embedded:4.3.0] AndroidManifest.xml:33:5-35:36
39        android:name="android.hardware.camera.autofocus"
39-->[com.journeyapps:zxing-android-embedded:4.3.0] AndroidManifest.xml:34:9-57
40        android:required="false" />
40-->[com.journeyapps:zxing-android-embedded:4.3.0] AndroidManifest.xml:35:9-33
41    <uses-feature
41-->[com.journeyapps:zxing-android-embedded:4.3.0] AndroidManifest.xml:36:5-38:36
42        android:name="android.hardware.camera.flash"
42-->[com.journeyapps:zxing-android-embedded:4.3.0] AndroidManifest.xml:37:9-53
43        android:required="false" />
43-->[com.journeyapps:zxing-android-embedded:4.3.0] AndroidManifest.xml:38:9-33
44    <uses-feature
44-->[com.journeyapps:zxing-android-embedded:4.3.0] AndroidManifest.xml:39:5-41:36
45        android:name="android.hardware.screen.landscape"
45-->[com.journeyapps:zxing-android-embedded:4.3.0] AndroidManifest.xml:40:9-57
46        android:required="false" />
46-->[com.journeyapps:zxing-android-embedded:4.3.0] AndroidManifest.xml:41:9-33
47    <uses-feature
47-->[com.journeyapps:zxing-android-embedded:4.3.0] AndroidManifest.xml:42:5-44:36
48        android:name="android.hardware.wifi"
48-->[com.journeyapps:zxing-android-embedded:4.3.0] AndroidManifest.xml:43:9-45
49        android:required="false" />
49-->[com.journeyapps:zxing-android-embedded:4.3.0] AndroidManifest.xml:44:9-33
50
51    <application
52        android:name="android.app.Application"
52-->src\main\AndroidManifest.xml:9:9-42
53        android:appComponentFactory="androidx.core.app.CoreComponentFactory"
53-->[androidx.core:core:1.10.1] AndroidManifest.xml:28:18-86
54        android:icon="@mipmap/ic_launcher"
54-->src\main\AndroidManifest.xml:10:9-43
55        android:label="모바일 설비점검"
55-->src\main\AndroidManifest.xml:8:9-33
56        android:largeHeap="true"
56-->[:flutter_barcode_scanner] AndroidManifest.xml:16:9-33
57        android:theme="@style/Theme.AppCompat.NoActionBar" >
57-->[:flutter_barcode_scanner] AndroidManifest.xml:17:9-59
58        <activity
58-->src\main\AndroidManifest.xml:11:9-32:20
59            android:name="com.seoyoneh.equipment.seoyoneh_equipment.MainActivity"
59-->src\main\AndroidManifest.xml:12:13-41
60            android:configChanges="orientation|keyboardHidden|keyboard|screenSize|smallestScreenSize|locale|layoutDirection|fontScale|screenLayout|density|uiMode"
60-->src\main\AndroidManifest.xml:16:13-163
61            android:exported="true"
61-->src\main\AndroidManifest.xml:13:13-36
62            android:hardwareAccelerated="true"
62-->src\main\AndroidManifest.xml:17:13-47
63            android:installLocation="auto"
63-->src\main\AndroidManifest.xml:18:13-43
64            android:launchMode="singleTop"
64-->src\main\AndroidManifest.xml:14:13-43
65            android:theme="@style/LaunchTheme"
65-->src\main\AndroidManifest.xml:15:13-47
66            android:windowSoftInputMode="stateVisible" >
66-->src\main\AndroidManifest.xml:19:13-55
67
68            <!--
69                 Specifies an Android theme to apply to this Activity as soon as
70                 the Android process has started. This theme is visible to the user
71                 while the Flutter UI initializes. After that, this theme continues
72                 to determine the Window background behind the Flutter UI.
73            -->
74            <meta-data
74-->src\main\AndroidManifest.xml:24:13-27:17
75                android:name="io.flutter.embedding.android.NormalTheme"
75-->src\main\AndroidManifest.xml:25:15-70
76                android:resource="@style/NormalTheme" />
76-->src\main\AndroidManifest.xml:26:15-52
77
78            <intent-filter>
78-->src\main\AndroidManifest.xml:28:13-31:29
79                <action android:name="android.intent.action.MAIN" />
79-->src\main\AndroidManifest.xml:29:17-68
79-->src\main\AndroidManifest.xml:29:25-66
80
81                <category android:name="android.intent.category.LAUNCHER" />
81-->src\main\AndroidManifest.xml:30:17-76
81-->src\main\AndroidManifest.xml:30:27-74
82            </intent-filter>
83        </activity>
84        <!--
85             Don't delete the meta-data below.
86             This is used by the Flutter tool to generate GeneratedPluginRegistrant.java
87        -->
88        <meta-data
88-->src\main\AndroidManifest.xml:35:9-37:33
89            android:name="flutterEmbedding"
89-->src\main\AndroidManifest.xml:36:13-44
90            android:value="2" />
90-->src\main\AndroidManifest.xml:37:13-30
91        <meta-data
91-->src\main\AndroidManifest.xml:38:9-40:69
92            android:name="com.google.android.gms.version"
92-->src\main\AndroidManifest.xml:39:13-58
93            android:value="@integer/google_play_services_version" /> <!-- version -->
93-->src\main\AndroidManifest.xml:40:13-66
94        <meta-data
94-->src\main\AndroidManifest.xml:41:9-43:39
95            android:name="com.google.android.gms.vision.DEPENDENCIES"
95-->src\main\AndroidManifest.xml:42:13-70
96            android:value="barcode" /> <!-- barcode,face,ocr -->
96-->src\main\AndroidManifest.xml:43:13-36
97        <activity android:name="com.amolg.flutterbarcodescanner.BarcodeCaptureActivity" />
97-->[:flutter_barcode_scanner] AndroidManifest.xml:18:9-91
97-->[:flutter_barcode_scanner] AndroidManifest.xml:18:19-88
98
99        <provider
99-->[:image_picker_android] AndroidManifest.xml:10:9-18:20
100            android:name="io.flutter.plugins.imagepicker.ImagePickerFileProvider"
100-->[:image_picker_android] AndroidManifest.xml:11:13-82
101            android:authorities="com.seoyoneh.equipment.seoyoneh_equipment.flutter.image_provider"
101-->[:image_picker_android] AndroidManifest.xml:12:13-74
102            android:exported="false"
102-->[:image_picker_android] AndroidManifest.xml:13:13-37
103            android:grantUriPermissions="true" >
103-->[:image_picker_android] AndroidManifest.xml:14:13-47
104            <meta-data
104-->[:image_picker_android] AndroidManifest.xml:15:13-17:75
105                android:name="android.support.FILE_PROVIDER_PATHS"
105-->[:image_picker_android] AndroidManifest.xml:16:17-67
106                android:resource="@xml/flutter_image_picker_file_paths" />
106-->[:image_picker_android] AndroidManifest.xml:17:17-72
107        </provider>
108
109        <activity
109-->[:url_launcher_android] AndroidManifest.xml:10:9-13:74
110            android:name="io.flutter.plugins.urllauncher.WebViewActivity"
110-->[:url_launcher_android] AndroidManifest.xml:11:13-74
111            android:exported="false"
111-->[:url_launcher_android] AndroidManifest.xml:12:13-37
112            android:theme="@android:style/Theme.NoTitleBar.Fullscreen" />
112-->[:url_launcher_android] AndroidManifest.xml:13:13-71
113
114        <provider
114-->[:install_plugin] AndroidManifest.xml:16:9-24:20
115            android:name="com.zaihui.installplugin.InstallFileProvider"
115-->[:install_plugin] AndroidManifest.xml:17:13-72
116            android:authorities="com.seoyoneh.equipment.seoyoneh_equipment.installFileProvider.install"
116-->[:install_plugin] AndroidManifest.xml:18:13-79
117            android:exported="false"
117-->[:install_plugin] AndroidManifest.xml:19:13-37
118            android:grantUriPermissions="true" >
118-->[:install_plugin] AndroidManifest.xml:20:13-47
119            <meta-data
119-->[:image_picker_android] AndroidManifest.xml:15:13-17:75
120                android:name="android.support.FILE_PROVIDER_PATHS"
120-->[:image_picker_android] AndroidManifest.xml:16:17-67
121                android:resource="@xml/provider_install_paths" />
121-->[:image_picker_android] AndroidManifest.xml:17:17-72
122        </provider>
123        <provider
123-->[:open_filex] AndroidManifest.xml:18:9-27:20
124            android:name="com.crazecoder.openfile.FileProvider"
124-->[:open_filex] AndroidManifest.xml:19:13-64
125            android:authorities="com.seoyoneh.equipment.seoyoneh_equipment.fileProvider.com.crazecoder.openfile"
125-->[:open_filex] AndroidManifest.xml:20:13-88
126            android:exported="false"
126-->[:open_filex] AndroidManifest.xml:21:13-37
127            android:grantUriPermissions="true" >
127-->[:open_filex] AndroidManifest.xml:22:13-47
128            <meta-data
128-->[:image_picker_android] AndroidManifest.xml:15:13-17:75
129                android:name="android.support.FILE_PROVIDER_PATHS"
129-->[:image_picker_android] AndroidManifest.xml:16:17-67
130                android:resource="@xml/filepaths" />
130-->[:image_picker_android] AndroidManifest.xml:17:17-72
131        </provider>
132
133        <activity
133-->[com.google.android.gms:play-services-base:17.4.0] AndroidManifest.xml:23:9-26:75
134            android:name="com.google.android.gms.common.api.GoogleApiActivity"
134-->[com.google.android.gms:play-services-base:17.4.0] AndroidManifest.xml:24:13-79
135            android:exported="false"
135-->[com.google.android.gms:play-services-base:17.4.0] AndroidManifest.xml:25:13-37
136            android:theme="@android:style/Theme.Translucent.NoTitleBar" />
136-->[com.google.android.gms:play-services-base:17.4.0] AndroidManifest.xml:26:13-72
137
138        <provider
138-->[androidx.emoji2:emoji2:1.0.0] AndroidManifest.xml:26:9-34:20
139            android:name="androidx.startup.InitializationProvider"
139-->[androidx.emoji2:emoji2:1.0.0] AndroidManifest.xml:27:13-67
140            android:authorities="com.seoyoneh.equipment.seoyoneh_equipment.androidx-startup"
140-->[androidx.emoji2:emoji2:1.0.0] AndroidManifest.xml:28:13-68
141            android:exported="false" >
141-->[androidx.emoji2:emoji2:1.0.0] AndroidManifest.xml:29:13-37
142            <meta-data
142-->[androidx.emoji2:emoji2:1.0.0] AndroidManifest.xml:31:13-33:52
143                android:name="androidx.emoji2.text.EmojiCompatInitializer"
143-->[androidx.emoji2:emoji2:1.0.0] AndroidManifest.xml:32:17-75
144                android:value="androidx.startup" />
144-->[androidx.emoji2:emoji2:1.0.0] AndroidManifest.xml:33:17-49
145            <meta-data
145-->[androidx.lifecycle:lifecycle-process:2.6.1] AndroidManifest.xml:29:13-31:52
146                android:name="androidx.lifecycle.ProcessLifecycleInitializer"
146-->[androidx.lifecycle:lifecycle-process:2.6.1] AndroidManifest.xml:30:17-78
147                android:value="androidx.startup" />
147-->[androidx.lifecycle:lifecycle-process:2.6.1] AndroidManifest.xml:31:17-49
148            <meta-data
148-->[androidx.profileinstaller:profileinstaller:1.3.0] AndroidManifest.xml:29:13-31:52
149                android:name="androidx.profileinstaller.ProfileInstallerInitializer"
149-->[androidx.profileinstaller:profileinstaller:1.3.0] AndroidManifest.xml:30:17-85
150                android:value="androidx.startup" />
150-->[androidx.profileinstaller:profileinstaller:1.3.0] AndroidManifest.xml:31:17-49
151        </provider>
152
153        <uses-library
153-->[androidx.window:window:1.0.0-beta04] AndroidManifest.xml:25:9-27:40
154            android:name="androidx.window.extensions"
154-->[androidx.window:window:1.0.0-beta04] AndroidManifest.xml:26:13-54
155            android:required="false" />
155-->[androidx.window:window:1.0.0-beta04] AndroidManifest.xml:27:13-37
156        <uses-library
156-->[androidx.window:window:1.0.0-beta04] AndroidManifest.xml:28:9-30:40
157            android:name="androidx.window.sidecar"
157-->[androidx.window:window:1.0.0-beta04] AndroidManifest.xml:29:13-51
158            android:required="false" />
158-->[androidx.window:window:1.0.0-beta04] AndroidManifest.xml:30:13-37
159
160        <receiver
160-->[androidx.profileinstaller:profileinstaller:1.3.0] AndroidManifest.xml:34:9-52:20
161            android:name="androidx.profileinstaller.ProfileInstallReceiver"
161-->[androidx.profileinstaller:profileinstaller:1.3.0] AndroidManifest.xml:35:13-76
162            android:directBootAware="false"
162-->[androidx.profileinstaller:profileinstaller:1.3.0] AndroidManifest.xml:36:13-44
163            android:enabled="true"
163-->[androidx.profileinstaller:profileinstaller:1.3.0] AndroidManifest.xml:37:13-35
164            android:exported="true"
164-->[androidx.profileinstaller:profileinstaller:1.3.0] AndroidManifest.xml:38:13-36
165            android:permission="android.permission.DUMP" >
165-->[androidx.profileinstaller:profileinstaller:1.3.0] AndroidManifest.xml:39:13-57
166            <intent-filter>
166-->[androidx.profileinstaller:profileinstaller:1.3.0] AndroidManifest.xml:40:13-42:29
167                <action android:name="androidx.profileinstaller.action.INSTALL_PROFILE" />
167-->[androidx.profileinstaller:profileinstaller:1.3.0] AndroidManifest.xml:41:17-91
167-->[androidx.profileinstaller:profileinstaller:1.3.0] AndroidManifest.xml:41:25-88
168            </intent-filter>
169            <intent-filter>
169-->[androidx.profileinstaller:profileinstaller:1.3.0] AndroidManifest.xml:43:13-45:29
170                <action android:name="androidx.profileinstaller.action.SKIP_FILE" />
170-->[androidx.profileinstaller:profileinstaller:1.3.0] AndroidManifest.xml:44:17-85
170-->[androidx.profileinstaller:profileinstaller:1.3.0] AndroidManifest.xml:44:25-82
171            </intent-filter>
172            <intent-filter>
172-->[androidx.profileinstaller:profileinstaller:1.3.0] AndroidManifest.xml:46:13-48:29
173                <action android:name="androidx.profileinstaller.action.SAVE_PROFILE" />
173-->[androidx.profileinstaller:profileinstaller:1.3.0] AndroidManifest.xml:47:17-88
173-->[androidx.profileinstaller:profileinstaller:1.3.0] AndroidManifest.xml:47:25-85
174            </intent-filter>
175            <intent-filter>
175-->[androidx.profileinstaller:profileinstaller:1.3.0] AndroidManifest.xml:49:13-51:29
176                <action android:name="androidx.profileinstaller.action.BENCHMARK_OPERATION" />
176-->[androidx.profileinstaller:profileinstaller:1.3.0] AndroidManifest.xml:50:17-95
176-->[androidx.profileinstaller:profileinstaller:1.3.0] AndroidManifest.xml:50:25-92
177            </intent-filter>
178        </receiver>
179
180        <activity
180-->[com.journeyapps:zxing-android-embedded:4.3.0] AndroidManifest.xml:47:9-53:63
181            android:name="com.journeyapps.barcodescanner.CaptureActivity"
181-->[com.journeyapps:zxing-android-embedded:4.3.0] AndroidManifest.xml:48:13-74
182            android:clearTaskOnLaunch="true"
182-->[com.journeyapps:zxing-android-embedded:4.3.0] AndroidManifest.xml:49:13-45
183            android:screenOrientation="sensorLandscape"
183-->[com.journeyapps:zxing-android-embedded:4.3.0] AndroidManifest.xml:50:13-56
184            android:stateNotNeeded="true"
184-->[com.journeyapps:zxing-android-embedded:4.3.0] AndroidManifest.xml:51:13-42
185            android:theme="@style/zxing_CaptureTheme"
185-->[com.journeyapps:zxing-android-embedded:4.3.0] AndroidManifest.xml:52:13-54
186            android:windowSoftInputMode="stateAlwaysHidden" />
186-->[com.journeyapps:zxing-android-embedded:4.3.0] AndroidManifest.xml:53:13-60
187    </application>
188
189</manifest>